<?xml version="1.0" encoding="UTF-8"?>
<robot generator="Robot 3.1.1 (Python 3.7.3 on win32)" generated="20190515 09:41:53.718" rpa="false">
<suite id="s1" name="TestSuite1" source="C:\Users\RahulYadav\eclipse-workspace\RobotProject\Test\TestSuite1.robot">
<test id="s1-t1" name="MyFirstTest">
<kw name="Log" library="BuiltIn">
<doc>Logs the given message with the given level.</doc>
<arguments>
<arg>hello world...</arg>
</arguments>
<msg timestamp="20190515 09:41:54.025" level="INFO">hello world...</msg>
<status status="PASS" starttime="20190515 09:41:54.025" endtime="20190515 09:41:54.025"></status>
</kw>
<status status="PASS" starttime="20190515 09:41:54.024" endtime="20190515 09:41:54.026" critical="yes"></status>
</test>
<test id="s1-t2" name="MyFirstSeleniumTest">
<kw name="Open Browser" library="SeleniumLibrary">
<doc>Opens a new browser instance to the given ``url``.</doc>
<arguments>
<arg>${URL}</arg>
<arg>${Browser}</arg>
</arguments>
<msg timestamp="20190515 09:41:54.028" level="INFO">Opening browser 'Chrome' to base url 'http://www.google.com'.</msg>
<status status="PASS" starttime="20190515 09:41:54.028" endtime="20190515 09:41:57.477"></status>
</kw>
<kw name="Close Browser" library="SeleniumLibrary">
<doc>Closes the current browser.</doc>
<status status="PASS" starttime="20190515 09:41:57.478" endtime="20190515 09:41:59.703"></status>
</kw>
<status status="PASS" starttime="20190515 09:41:54.027" endtime="20190515 09:41:59.705" critical="yes"></status>
</test>
<status status="PASS" starttime="20190515 09:41:53.720" endtime="20190515 09:41:59.708"></status>
</suite>
<statistics>
<total>
<stat pass="2" fail="0">Critical Tests</stat>
<stat pass="2" fail="0">All Tests</stat>
</total>
<tag>
</tag>
<suite>
<stat pass="2" fail="0" id="s1" name="TestSuite1">TestSuite1</stat>
</suite>
</statistics>
<errors>
</errors>
</robot>
